  callbacks.cpp
  main.cpp
  RenderUtils.cpp
  Camera.cpp
  Render.cpp
C:\Users\elena\source\repos\SimulacionFisicaVideojuegos\skeleton\Render\Camera.cpp(88,19): warning C5219: conversión implícita de "int" a "float"; posible pérdida de datos
C:\Users\elena\source\repos\SimulacionFisicaVideojuegos\skeleton\Render\Camera.cpp(90,19): warning C5219: conversión implícita de "int" a "float"; posible pérdida de datos
C:\Users\elena\source\repos\SimulacionFisicaVideojuegos\common\PhysX-3.4\PxShared\include\foundation\PxMath.h(60,20): warning C5264: "physx::PxTwoPi": no se usa la variable '"onst" (compilando archivo de origen Render\Camera.cpp)
C:\Users\elena\source\repos\SimulacionFisicaVideojuegos\common\PhysX-3.4\PxShared\include\foundation\PxMath.h(63,20): warning C5264: "physx::PxPiDivTwo": no se usa la variable '"onst" (compilando archivo de origen Render\Camera.cpp)
C:\Users\elena\source\repos\SimulacionFisicaVideojuegos\common\PhysX-3.4\PxShared\include\foundation\PxMath.h(61,20): warning C5264: "physx::PxInvPi": no se usa la variable '"onst" (compilando archivo de origen Render\Camera.cpp)
C:\Users\elena\source\repos\SimulacionFisicaVideojuegos\common\PhysX-3.4\PxShared\include\foundation\PxMath.h(62,20): warning C5264: "physx::PxInvTwoPi": no se usa la variable '"onst" (compilando archivo de origen Render\Camera.cpp)
C:\Users\elena\source\repos\SimulacionFisicaVideojuegos\common\PhysX-3.4\PxShared\include\foundation\PxMath.h(64,20): warning C5264: "physx::PxPiDivFour": no se usa la variable '"onst" (compilando archivo de origen Render\Camera.cpp)
C:\Users\elena\source\repos\SimulacionFisicaVideojuegos\common\PhysX-3.4\PxShared\include\foundation\PxMath.h(59,20): warning C5264: "physx::PxHalfPi": no se usa la variable '"onst" (compilando archivo de origen Render\Camera.cpp)
C:\Users\elena\source\repos\SimulacionFisicaVideojuegos\common\PhysX-3.4\PxShared\include\task\PxTask.h(329,1): warning C5220: "physx::PxLightCpuTask::mRefCount": un miembro de datos no estático con un tipo calificado volátil ya no implica
           que los constructores de copia/movimiento generados por el compilador y los operadores de asignación de copia o movimiento no sean triviales (compilando archivo de origen Render\Render.cpp)
C:\Users\elena\source\repos\SimulacionFisicaVideojuegos\common\PhysX-3.4\PxShared\include\task\PxTask.h(326,19): message : vea la declaración de 'physx::PxLightCpuTask::mRefCount' (compilando archivo de origen Render\Render.cpp)
C:\Users\elena\source\repos\SimulacionFisicaVideojuegos\common\PhysX-3.4\PxShared\include\task\PxTask.h(329,1): warning C5220: "physx::PxLightCpuTask::mRefCount": un miembro de datos no estático con un tipo calificado volátil ya no implica
           que los constructores de copia/movimiento generados por el compilador y los operadores de asignación de copia o movimiento no sean triviales (compilando archivo de origen callbacks.cpp)
C:\Users\elena\source\repos\SimulacionFisicaVideojuegos\common\PhysX-3.4\PxShared\include\task\PxTask.h(326,19): message : vea la declaración de 'physx::PxLightCpuTask::mRefCount' (compilando archivo de origen callbacks.cpp)
C:\Users\elena\source\repos\SimulacionFisicaVideojuegos\common\PhysX-3.4\PxShared\include\task\PxTask.h(329,1): warning C5220: "physx::PxLightCpuTask::mRefCount": un miembro de datos no estático con un tipo calificado volátil ya no implica
           que los constructores de copia/movimiento generados por el compilador y los operadores de asignación de copia o movimiento no sean triviales (compilando archivo de origen main.cpp)
C:\Users\elena\source\repos\SimulacionFisicaVideojuegos\common\PhysX-3.4\PxShared\include\task\PxTask.h(326,19): message : vea la declaración de 'physx::PxLightCpuTask::mRefCount' (compilando archivo de origen main.cpp)
C:\Users\elena\source\repos\SimulacionFisicaVideojuegos\common\PhysX-3.4\PxShared\include\task\PxTask.h(329,1): warning C5220: "physx::PxLightCpuTask::mRefCount": un miembro de datos no estático con un tipo calificado volátil ya no implica
           que los constructores de copia/movimiento generados por el compilador y los operadores de asignación de copia o movimiento no sean triviales (compilando archivo de origen RenderUtils.cpp)
C:\Users\elena\source\repos\SimulacionFisicaVideojuegos\common\PhysX-3.4\PxShared\include\task\PxTask.h(326,19): message : vea la declaración de 'physx::PxLightCpuTask::mRefCount' (compilando archivo de origen RenderUtils.cpp)
C:\Users\elena\source\repos\SimulacionFisicaVideojuegos\skeleton\Render\Render.cpp(398,28): warning C4267: 'inicializando': conversión de 'size_t' a 'int'; posible pérdida de datos
C:\Users\elena\source\repos\SimulacionFisicaVideojuegos\common\PhysX-3.4\PxShared\include\foundation\PxMath.h(60,20): warning C5264: "physx::PxTwoPi": no se usa la variable '"onst" (compilando archivo de origen Render\Render.cpp)
C:\Users\elena\source\repos\SimulacionFisicaVideojuegos\common\PhysX-3.4\PhysX_3.4\Include\PxSpatialIndex.h(47,35): warning C5264: "physx::PX_SPATIAL_INDEX_INVALID_ITEM_ID": no se usa la variable '"onst" (compilando archivo de origen Render\Render.cpp)
C:\Users\elena\source\repos\SimulacionFisicaVideojuegos\common\PhysX-3.4\PxShared\include\foundation\PxMath.h(63,20): warning C5264: "physx::PxPiDivTwo": no se usa la variable '"onst" (compilando archivo de origen Render\Render.cpp)
C:\Users\elena\source\repos\SimulacionFisicaVideojuegos\common\PhysX-3.4\PxShared\include\foundation\PxMath.h(61,20): warning C5264: "physx::PxInvPi": no se usa la variable '"onst" (compilando archivo de origen Render\Render.cpp)
C:\Users\elena\source\repos\SimulacionFisicaVideojuegos\common\PhysX-3.4\PhysX_3.4\Include\PxClient.h(60,25): warning C5264: "physx::PX_MAX_CLIENTS": no se usa la variable '"onst" (compilando archivo de origen Render\Render.cpp)
C:\Users\elena\source\repos\SimulacionFisicaVideojuegos\common\PhysX-3.4\PxShared\include\foundation\PxMath.h(62,20): warning C5264: "physx::PxInvTwoPi": no se usa la variable '"onst" (compilando archivo de origen Render\Render.cpp)
C:\Users\elena\source\repos\SimulacionFisicaVideojuegos\common\PhysX-3.4\PxShared\include\foundation\PxMath.h(64,20): warning C5264: "physx::PxPiDivFour": no se usa la variable '"onst" (compilando archivo de origen Render\Render.cpp)
C:\Users\elena\source\repos\SimulacionFisicaVideojuegos\common\PhysX-3.4\PxShared\include\foundation\PxMath.h(59,20): warning C5264: "physx::PxHalfPi": no se usa la variable '"onst" (compilando archivo de origen Render\Render.cpp)
C:\Users\elena\source\repos\SimulacionFisicaVideojuegos\common\PhysX-3.4\PxShared\include\foundation\PxMath.h(60,20): warning C5264: "physx::PxTwoPi": no se usa la variable '"onst" (compilando archivo de origen callbacks.cpp)
C:\Users\elena\source\repos\SimulacionFisicaVideojuegos\common\PhysX-3.4\PhysX_3.4\Include\PxSpatialIndex.h(47,35): warning C5264: "physx::PX_SPATIAL_INDEX_INVALID_ITEM_ID": no se usa la variable '"onst" (compilando archivo de origen callbacks.cpp)
C:\Program Files\Microsoft Visual Studio\2022\Community\VC\Tools\MSVC\14.34.31933\include\utility(127,39): warning C5264: "std::allocator_arg": no se usa la variable '"onst" (compilando archivo de origen Render\Render.cpp)
C:\Users\elena\source\repos\SimulacionFisicaVideojuegos\common\PhysX-3.4\PxShared\include\foundation\PxMath.h(63,20): warning C5264: "physx::PxPiDivTwo": no se usa la variable '"onst" (compilando archivo de origen callbacks.cpp)
C:\Program Files\Microsoft Visual Studio\2022\Community\VC\Tools\MSVC\14.34.31933\include\xmemory(121,30): warning C5264: "std::_Big_allocation_sentinel": no se usa la variable '"onst" (compilando archivo de origen Render\Render.cpp)
C:\Users\elena\source\repos\SimulacionFisicaVideojuegos\common\PhysX-3.4\PxShared\include\foundation\PxMath.h(61,20): warning C5264: "physx::PxInvPi": no se usa la variable '"onst" (compilando archivo de origen callbacks.cpp)
C:\Program Files\Microsoft Visual Studio\2022\Community\VC\Tools\MSVC\14.34.31933\include\xutility(812,28): warning C5264: "std::?$_Is_iterator_v@$RBAAB@$$Yvoid_t@std@@$std:?$iterator_traits@$RBAAB@:iterator_category:<char*,void>": no se usa la variable '"onst" (compilando archivo de origen Render\Render.cpp)
C:\Users\elena\source\repos\SimulacionFisicaVideojuegos\common\PhysX-3.4\PhysX_3.4\Include\PxClient.h(60,25): warning C5264: "physx::PX_MAX_CLIENTS": no se usa la variable '"onst" (compilando archivo de origen callbacks.cpp)
C:\Program Files\Microsoft Visual Studio\2022\Community\VC\Tools\MSVC\14.34.31933\include\xutility(812,28): warning C5264: "std::?$_Is_iterator_v@$RBAAB@$$Yvoid_t@std@@$std:?$iterator_traits@$RBAAB@:iterator_category:<wchar_t*,void>": no se usa la variable '"onst" (compilando archivo de origen Render\Render.cpp)
C:\Program Files\Microsoft Visual Studio\2022\Community\VC\Tools\MSVC\14.34.31933\include\utility(114,45): warning C5264: "std::piecewise_construct": no se usa la variable '"onst" (compilando archivo de origen Render\Render.cpp)
C:\Users\elena\source\repos\SimulacionFisicaVideojuegos\common\PhysX-3.4\PxShared\include\foundation\PxMath.h(62,20): warning C5264: "physx::PxInvTwoPi": no se usa la variable '"onst" (compilando archivo de origen callbacks.cpp)
C:\Users\elena\source\repos\SimulacionFisicaVideojuegos\common\PhysX-3.4\PxShared\include\foundation\PxMath.h(64,20): warning C5264: "physx::PxPiDivFour": no se usa la variable '"onst" (compilando archivo de origen callbacks.cpp)
C:\Users\elena\source\repos\SimulacionFisicaVideojuegos\common\PhysX-3.4\PxShared\include\foundation\PxMath.h(59,20): warning C5264: "physx::PxHalfPi": no se usa la variable '"onst" (compilando archivo de origen callbacks.cpp)
C:\Program Files\Microsoft Visual Studio\2022\Community\VC\Tools\MSVC\14.34.31933\include\utility(127,39): warning C5264: "std::allocator_arg": no se usa la variable '"onst" (compilando archivo de origen callbacks.cpp)
C:\Program Files\Microsoft Visual Studio\2022\Community\VC\Tools\MSVC\14.34.31933\include\xmemory(121,30): warning C5264: "std::_Big_allocation_sentinel": no se usa la variable '"onst" (compilando archivo de origen callbacks.cpp)
C:\Program Files\Microsoft Visual Studio\2022\Community\VC\Tools\MSVC\14.34.31933\include\xutility(812,28): warning C5264: "std::?$_Is_iterator_v@$RBAAB@$$Yvoid_t@std@@$std:?$iterator_traits@$RBAAB@:iterator_category:<char*,void>": no se usa la variable '"onst" (compilando archivo de origen callbacks.cpp)
C:\Program Files\Microsoft Visual Studio\2022\Community\VC\Tools\MSVC\14.34.31933\include\xutility(812,28): warning C5264: "std::?$_Is_iterator_v@$RBAAB@$$Yvoid_t@std@@$std:?$iterator_traits@$RBAAB@:iterator_category:<wchar_t*,void>": no se usa la variable '"onst" (compilando archivo de origen callbacks.cpp)
C:\Program Files\Microsoft Visual Studio\2022\Community\VC\Tools\MSVC\14.34.31933\include\vector(2281,27): warning C5264: "std::_VBITS": no se usa la variable '"onst" (compilando archivo de origen callbacks.cpp)
C:\Program Files\Microsoft Visual Studio\2022\Community\VC\Tools\MSVC\14.34.31933\include\utility(114,45): warning C5264: "std::piecewise_construct": no se usa la variable '"onst" (compilando archivo de origen callbacks.cpp)
C:\Users\elena\source\repos\SimulacionFisicaVideojuegos\common\PhysX-3.4\PxShared\include\foundation\PxMath.h(60,20): warning C5264: "physx::PxTwoPi": no se usa la variable '"onst" (compilando archivo de origen RenderUtils.cpp)
C:\Users\elena\source\repos\SimulacionFisicaVideojuegos\common\PhysX-3.4\PhysX_3.4\Include\PxSpatialIndex.h(47,35): warning C5264: "physx::PX_SPATIAL_INDEX_INVALID_ITEM_ID": no se usa la variable '"onst" (compilando archivo de origen RenderUtils.cpp)
C:\Users\elena\source\repos\SimulacionFisicaVideojuegos\common\PhysX-3.4\PxShared\include\foundation\PxMath.h(63,20): warning C5264: "physx::PxPiDivTwo": no se usa la variable '"onst" (compilando archivo de origen RenderUtils.cpp)
C:\Users\elena\source\repos\SimulacionFisicaVideojuegos\common\PhysX-3.4\PxShared\include\foundation\PxMath.h(61,20): warning C5264: "physx::PxInvPi": no se usa la variable '"onst" (compilando archivo de origen RenderUtils.cpp)
C:\Users\elena\source\repos\SimulacionFisicaVideojuegos\common\PhysX-3.4\PhysX_3.4\Include\PxClient.h(60,25): warning C5264: "physx::PX_MAX_CLIENTS": no se usa la variable '"onst" (compilando archivo de origen RenderUtils.cpp)
C:\Users\elena\source\repos\SimulacionFisicaVideojuegos\common\PhysX-3.4\PxShared\include\foundation\PxMath.h(62,20): warning C5264: "physx::PxInvTwoPi": no se usa la variable '"onst" (compilando archivo de origen RenderUtils.cpp)
C:\Users\elena\source\repos\SimulacionFisicaVideojuegos\common\PhysX-3.4\PxShared\include\foundation\PxMath.h(64,20): warning C5264: "physx::PxPiDivFour": no se usa la variable '"onst" (compilando archivo de origen RenderUtils.cpp)
C:\Users\elena\source\repos\SimulacionFisicaVideojuegos\common\PhysX-3.4\PxShared\include\foundation\PxMath.h(59,20): warning C5264: "physx::PxHalfPi": no se usa la variable '"onst" (compilando archivo de origen RenderUtils.cpp)
C:\Program Files\Microsoft Visual Studio\2022\Community\VC\Tools\MSVC\14.34.31933\include\utility(127,39): warning C5264: "std::allocator_arg": no se usa la variable '"onst" (compilando archivo de origen RenderUtils.cpp)
C:\Program Files\Microsoft Visual Studio\2022\Community\VC\Tools\MSVC\14.34.31933\include\xmemory(121,30): warning C5264: "std::_Big_allocation_sentinel": no se usa la variable '"onst" (compilando archivo de origen RenderUtils.cpp)
C:\Program Files\Microsoft Visual Studio\2022\Community\VC\Tools\MSVC\14.34.31933\include\xutility(812,28): warning C5264: "std::?$_Is_iterator_v@$RBAAB@$$Yvoid_t@std@@$std:?$iterator_traits@$RBAAB@:iterator_category:<char*,void>": no se usa la variable '"onst" (compilando archivo de origen RenderUtils.cpp)
C:\Program Files\Microsoft Visual Studio\2022\Community\VC\Tools\MSVC\14.34.31933\include\xutility(812,28): warning C5264: "std::?$_Is_iterator_v@$RBAAB@$$Yvoid_t@std@@$std:?$iterator_traits@$RBAAB@:iterator_category:<wchar_t*,void>": no se usa la variable '"onst" (compilando archivo de origen RenderUtils.cpp)
C:\Program Files\Microsoft Visual Studio\2022\Community\VC\Tools\MSVC\14.34.31933\include\vector(2281,27): warning C5264: "std::_VBITS": no se usa la variable '"onst" (compilando archivo de origen RenderUtils.cpp)
C:\Program Files\Microsoft Visual Studio\2022\Community\VC\Tools\MSVC\14.34.31933\include\utility(114,45): warning C5264: "std::piecewise_construct": no se usa la variable '"onst" (compilando archivo de origen RenderUtils.cpp)
C:\Users\elena\source\repos\SimulacionFisicaVideojuegos\skeleton\Render\Render.cpp(132): warning C5045: El compilador insertará la mitigación de Spectre para la carga de memoria si se especificó el modificador /Qspectre
  C:\Users\elena\source\repos\SimulacionFisicaVideojuegos\skeleton\Render\Render.cpp(121) : nota: el intervalo "nbPolys" del índice se comprobó por comparación en esta línea
  C:\Users\elena\source\repos\SimulacionFisicaVideojuegos\common\PhysX-3.4\PxShared\include\foundation\PxVec3.h(105) : nota: suministra la carga de memoria en esta línea
C:\Program Files\Microsoft Visual Studio\2022\Community\VC\Tools\MSVC\14.34.31933\include\xthreads.h(44,30): warning C5264: "_Mtx_internal_imp_alignment": no se usa la variable '"onst" (compilando archivo de origen main.cpp)
C:\Program Files\Microsoft Visual Studio\2022\Community\VC\Tools\MSVC\14.34.31933\include\xthreads.h(45,30): warning C5264: "_Cnd_internal_imp_size": no se usa la variable '"onst" (compilando archivo de origen main.cpp)
C:\Program Files\Microsoft Visual Studio\2022\Community\VC\Tools\MSVC\14.34.31933\include\xthreads.h(43,30): warning C5264: "_Mtx_internal_imp_size": no se usa la variable '"onst" (compilando archivo de origen main.cpp)
C:\Users\elena\source\repos\SimulacionFisicaVideojuegos\common\PhysX-3.4\PxShared\include\foundation\PxMath.h(60,20): warning C5264: "physx::PxTwoPi": no se usa la variable '"onst" (compilando archivo de origen main.cpp)
C:\Users\elena\source\repos\SimulacionFisicaVideojuegos\common\PhysX-3.4\PhysX_3.4\Include\PxSpatialIndex.h(47,35): warning C5264: "physx::PX_SPATIAL_INDEX_INVALID_ITEM_ID": no se usa la variable '"onst" (compilando archivo de origen main.cpp)
C:\Users\elena\source\repos\SimulacionFisicaVideojuegos\common\PhysX-3.4\PxShared\include\foundation\PxMath.h(63,20): warning C5264: "physx::PxPiDivTwo": no se usa la variable '"onst" (compilando archivo de origen main.cpp)
C:\Users\elena\source\repos\SimulacionFisicaVideojuegos\common\PhysX-3.4\PxShared\include\foundation\PxMath.h(61,20): warning C5264: "physx::PxInvPi": no se usa la variable '"onst" (compilando archivo de origen main.cpp)
C:\Users\elena\source\repos\SimulacionFisicaVideojuegos\common\PhysX-3.4\PhysX_3.4\Include\PxClient.h(60,25): warning C5264: "physx::PX_MAX_CLIENTS": no se usa la variable '"onst" (compilando archivo de origen main.cpp)
C:\Users\elena\source\repos\SimulacionFisicaVideojuegos\common\PhysX-3.4\PxShared\include\foundation\PxMath.h(62,20): warning C5264: "physx::PxInvTwoPi": no se usa la variable '"onst" (compilando archivo de origen main.cpp)
C:\Users\elena\source\repos\SimulacionFisicaVideojuegos\common\PhysX-3.4\PxShared\include\foundation\PxMath.h(64,20): warning C5264: "physx::PxPiDivFour": no se usa la variable '"onst" (compilando archivo de origen main.cpp)
C:\Users\elena\source\repos\SimulacionFisicaVideojuegos\common\PhysX-3.4\PxShared\include\foundation\PxMath.h(59,20): warning C5264: "physx::PxHalfPi": no se usa la variable '"onst" (compilando archivo de origen main.cpp)
C:\Program Files\Microsoft Visual Studio\2022\Community\VC\Tools\MSVC\14.34.31933\include\xthreads.h(46,30): warning C5264: "_Cnd_internal_imp_alignment": no se usa la variable '"onst" (compilando archivo de origen main.cpp)
C:\Program Files\Microsoft Visual Studio\2022\Community\VC\Tools\MSVC\14.34.31933\include\utility(127,39): warning C5264: "std::allocator_arg": no se usa la variable '"onst" (compilando archivo de origen main.cpp)
C:\Program Files\Microsoft Visual Studio\2022\Community\VC\Tools\MSVC\14.34.31933\include\typeinfo(28,27): warning C5264: "std::_Small_object_num_ptrs": no se usa la variable '"onst" (compilando archivo de origen main.cpp)
C:\Program Files\Microsoft Visual Studio\2022\Community\VC\Tools\MSVC\14.34.31933\include\system_error(44,28): warning C5264: "std::is_error_code_enum_v<int>": no se usa la variable '"onst" (compilando archivo de origen main.cpp)
C:\Program Files\Microsoft Visual Studio\2022\Community\VC\Tools\MSVC\14.34.31933\include\system_error(44,28): warning C5264: "std::is_error_code_enum_v<std::error_condition>": no se usa la variable '"onst" (compilando archivo de origen main.cpp)
C:\Program Files\Microsoft Visual Studio\2022\Community\VC\Tools\MSVC\14.34.31933\include\system_error(44,28): warning C5264: "std::is_error_code_enum_v<std::error_code>": no se usa la variable '"onst" (compilando archivo de origen main.cpp)
C:\Program Files\Microsoft Visual Studio\2022\Community\VC\Tools\MSVC\14.34.31933\include\xmemory(121,30): warning C5264: "std::_Big_allocation_sentinel": no se usa la variable '"onst" (compilando archivo de origen main.cpp)
C:\Program Files\Microsoft Visual Studio\2022\Community\VC\Tools\MSVC\14.34.31933\include\xutility(812,28): warning C5264: "std::?$_Is_iterator_v@$RBAAB@$$Yvoid_t@std@@$std:?$iterator_traits@$RBAAB@:iterator_category:<char*,void>": no se usa la variable '"onst" (compilando archivo de origen main.cpp)
C:\Program Files\Microsoft Visual Studio\2022\Community\VC\Tools\MSVC\14.34.31933\include\xutility(812,28): warning C5264: "std::?$_Is_iterator_v@$RBAAB@$$Yvoid_t@std@@$std:?$iterator_traits@$RBAAB@:iterator_category:<wchar_t*,void>": no se usa la variable '"onst" (compilando archivo de origen main.cpp)
C:\Program Files\Microsoft Visual Studio\2022\Community\VC\Tools\MSVC\14.34.31933\include\vector(2281,27): warning C5264: "std::_VBITS": no se usa la variable '"onst" (compilando archivo de origen main.cpp)
C:\Program Files\Microsoft Visual Studio\2022\Community\VC\Tools\MSVC\14.34.31933\include\xtr1common(196,28): warning C5264: "std::is_arithmetic_v<double>": no se usa la variable '"onst" (compilando archivo de origen main.cpp)
C:\Program Files\Microsoft Visual Studio\2022\Community\VC\Tools\MSVC\14.34.31933\include\type_traits(667,28): warning C5264: "std::is_move_constructible_v<std::default_delete<std::_Facet_base>>": no se usa la variable '"onst" (compilando archivo de origen main.cpp)
C:\Program Files\Microsoft Visual Studio\2022\Community\VC\Tools\MSVC\14.34.31933\include\utility(114,45): warning C5264: "std::piecewise_construct": no se usa la variable '"onst" (compilando archivo de origen main.cpp)
  game.vcxproj -> C:\Users\elena\source\repos\SimulacionFisicaVideojuegos\bin\game.exe
